
*** Running vivado
    with args -log lab1.vds -m32 -mode batch -messageDb vivado.pb -source lab1.tcl


****** Vivado v2014.4
  **** SW Build 1071353 on Tue Nov 18 16:37:30 MST 2014
  **** IP Build 1070531 on Tue Nov 18 01:10:18 MST 2014
    ** Copyright 1986-2014 Xilinx, Inc. All Rights Reserved.

source lab1.tcl
# set_param gui.test TreeTableDev
# debug::add_scope template.lib 1
# set_msg_config -id {HDL 9-1061} -limit 100000
# set_msg_config -id {HDL 9-1654} -limit 100000
# set_msg_config -id {Synth 8-256} -limit 10000
# set_msg_config -id {Synth 8-638} -limit 10000
# create_project -in_memory -part xc7a200tfbg676-2
WARNING: [Board 49-26] cannot add Board Part xilinx.com:kc705:part0:0.9 available at /opt/Xilinx/Vivado/2014.4/data/boards/board_parts/kintex7/kc705/0.9/board_part.xml as part xc7k325tffg900-2 specified in board_part file is either invalid or not available
WARNING: [Board 49-26] cannot add Board Part xilinx.com:kc705:part0:1.0 available at /opt/Xilinx/Vivado/2014.4/data/boards/board_parts/kintex7/kc705/1.0/board_part.xml as part xc7k325tffg900-2 specified in board_part file is either invalid or not available
WARNING: [Board 49-26] cannot add Board Part xilinx.com:kc705:part0:1.1 available at /opt/Xilinx/Vivado/2014.4/data/boards/board_parts/kintex7/kc705/1.1/board_part.xml as part xc7k325tffg900-2 specified in board_part file is either invalid or not available
WARNING: [Board 49-26] cannot add Board Part xilinx.com:zc706:part0:0.9 available at /opt/Xilinx/Vivado/2014.4/data/boards/board_parts/zynq/zc706/0.9/board_part.xml as part xc7z045ffg900-2 specified in board_part file is either invalid or not available
WARNING: [Board 49-26] cannot add Board Part xilinx.com:zc706:part0:1.0 available at /opt/Xilinx/Vivado/2014.4/data/boards/board_parts/zynq/zc706/1.0/board_part.xml as part xc7z045ffg900-2 specified in board_part file is either invalid or not available
WARNING: [Board 49-26] cannot add Board Part xilinx.com:zc706:part0:1.1 available at /opt/Xilinx/Vivado/2014.4/data/boards/board_parts/zynq/zc706/1.1/board_part.xml as part xc7z045ffg900-2 specified in board_part file is either invalid or not available
# set_param project.compositeFile.enableAutoGeneration 0
# set_param synth.vivado.isSynthRun true
# set_property webtalk.parent_dir /home/cecilia/Facultad/Sistemas_Digitales/practica1/vivado/vivado.cache/wt [current_project]
# set_property parent.project_path /home/cecilia/Facultad/Sistemas_Digitales/practica1/vivado/vivado.xpr [current_project]
# set_property default_lib xil_defaultlib [current_project]
# set_property target_language Verilog [current_project]
# read_vhdl -library xil_defaultlib /home/cecilia/Facultad/Sistemas_Digitales/practica1/vivado/vivado.srcs/sources_1/imports/practica1/lab1.vhd
# read_xdc /home/cecilia/Facultad/Sistemas_Digitales/practica1/vivado/vivado.srcs/constrs_1/imports/practica1/lab1_ArtyZ7_10.xdc
# set_property used_in_implementation false [get_files /home/cecilia/Facultad/Sistemas_Digitales/practica1/vivado/vivado.srcs/constrs_1/imports/practica1/lab1_ArtyZ7_10.xdc]
# catch { write_hwdef -file lab1.hwdef }
INFO: [Vivado_Tcl 4-279] hardware handoff file cannot be generated as there is no block diagram instance in the design
# synth_design -top lab1 -part xc7a200tfbg676-2
Command: synth_design -top lab1 -part xc7a200tfbg676-2
Starting synth_design
Attempting to get a license for feature 'Synthesis' and/or device 'xc7a200t'
INFO: [Common 17-349] Got license for feature 'Synthesis' and/or device 'xc7a200t'
---------------------------------------------------------------------------------
Starting RTL Elaboration : Time (s): cpu = 00:00:30 ; elapsed = 00:00:45 . Memory (MB): peak = 609.199 ; gain = 72.250 ; free physical = 62 ; free virtual = 0
---------------------------------------------------------------------------------
INFO: [Synth 8-638] synthesizing module 'lab1' [/home/cecilia/Facultad/Sistemas_Digitales/practica1/vivado/vivado.srcs/sources_1/imports/practica1/lab1.vhd:11]
INFO: [Synth 8-256] done synthesizing module 'lab1' (1#1) [/home/cecilia/Facultad/Sistemas_Digitales/practica1/vivado/vivado.srcs/sources_1/imports/practica1/lab1.vhd:11]
---------------------------------------------------------------------------------
Finished RTL Elaboration : Time (s): cpu = 00:00:36 ; elapsed = 00:00:54 . Memory (MB): peak = 636.184 ; gain = 99.234 ; free physical = 72 ; free virtual = 0
---------------------------------------------------------------------------------

Report Check Netlist: 
+------+------------------+-------+---------+-------+------------------+
|      |Item              |Errors |Warnings |Status |Description       |
+------+------------------+-------+---------+-------+------------------+
|1     |multi_driven_nets |      0|        0|Passed |Multi driven nets |
+------+------------------+-------+---------+-------+------------------+
---------------------------------------------------------------------------------
Finished RTL Optimization Phase 1 : Time (s): cpu = 00:00:37 ; elapsed = 00:00:55 . Memory (MB): peak = 636.184 ; gain = 99.234 ; free physical = 67 ; free virtual = 0
---------------------------------------------------------------------------------
Loading clock regions from /opt/Xilinx/Vivado/2014.4/data/parts/xilinx/artix7/artix7/xc7a200t/ClockRegion.xml
Loading clock buffers from /opt/Xilinx/Vivado/2014.4/data/parts/xilinx/artix7/artix7/xc7a200t/ClockBuffers.xml
Loading clock placement rules from /opt/Xilinx/Vivado/2014.4/data/parts/xilinx/artix7/ClockPlacerRules.xml
Loading package pin functions from /opt/Xilinx/Vivado/2014.4/data/parts/xilinx/artix7/PinFunctions.xml...
Loading package from /opt/Xilinx/Vivado/2014.4/data/parts/xilinx/artix7/artix7/xc7a200t/fbg676/Package.xml
Loading io standards from /opt/Xilinx/Vivado/2014.4/data/./parts/xilinx/artix7/IOStandards.xml
Loading device configuration modes from /opt/Xilinx/Vivado/2014.4/data/parts/xilinx/artix7/ConfigModes.xml
INFO: [Project 1-570] Preparing netlist for logic optimization

Processing XDC Constraints
Initializing timing engine
Parsing XDC File [/home/cecilia/Facultad/Sistemas_Digitales/practica1/vivado/vivado.srcs/constrs_1/imports/practica1/lab1_ArtyZ7_10.xdc]
Finished Parsing XDC File [/home/cecilia/Facultad/Sistemas_Digitales/practica1/vivado/vivado.srcs/constrs_1/imports/practica1/lab1_ArtyZ7_10.xdc]
Completed Processing XDC Constraints

INFO: [Project 1-111] Unisim Transformation Summary:
No Unisim elements were transformed.

Constraint Validation Runtime : Time (s): cpu = 00:00:00.01 ; elapsed = 00:00:00.15 . Memory (MB): peak = 812.043 ; gain = 0.000 ; free physical = 66 ; free virtual = 0
---------------------------------------------------------------------------------
Finished Constraint Validation : Time (s): cpu = 00:01:36 ; elapsed = 00:02:15 . Memory (MB): peak = 812.043 ; gain = 275.094 ; free physical = 74 ; free virtual = 0
---------------------------------------------------------------------------------
---------------------------------------------------------------------------------
Start Loading Part and Timing Information
---------------------------------------------------------------------------------
Loading part: xc7a200tfbg676-2
---------------------------------------------------------------------------------
Finished Loading Part and Timing Information : Time (s): cpu = 00:01:36 ; elapsed = 00:02:15 . Memory (MB): peak = 812.043 ; gain = 275.094 ; free physical = 73 ; free virtual = 0
---------------------------------------------------------------------------------
---------------------------------------------------------------------------------
Start Applying 'set_property' XDC Constraints
---------------------------------------------------------------------------------
---------------------------------------------------------------------------------
Finished applying 'set_property' XDC Constraints : Time (s): cpu = 00:01:36 ; elapsed = 00:02:16 . Memory (MB): peak = 812.043 ; gain = 275.094 ; free physical = 72 ; free virtual = 0
---------------------------------------------------------------------------------
---------------------------------------------------------------------------------
Finished RTL Optimization Phase 2 : Time (s): cpu = 00:01:37 ; elapsed = 00:02:18 . Memory (MB): peak = 812.043 ; gain = 275.094 ; free physical = 69 ; free virtual = 0
---------------------------------------------------------------------------------

Report RTL Partitions: 
+-+--------------+------------+----------+
| |RTL Partition |Replication |Instances |
+-+--------------+------------+----------+
+-+--------------+------------+----------+
---------------------------------------------------------------------------------
Start RTL Component Statistics 
---------------------------------------------------------------------------------
Detailed RTL Component Info : 
---------------------------------------------------------------------------------
Finished RTL Component Statistics 
---------------------------------------------------------------------------------
---------------------------------------------------------------------------------
Start RTL Hierarchical Component Statistics 
---------------------------------------------------------------------------------
Hierarchical RTL Component report 
Module lab1 
Detailed RTL Component Info : 
---------------------------------------------------------------------------------
Finished RTL Hierarchical Component Statistics
---------------------------------------------------------------------------------
---------------------------------------------------------------------------------
Start Part Resource Summary
---------------------------------------------------------------------------------
Part Resources:
DSPs: 740 (col length:100)
BRAMs: 730 (col length: RAMB18 100 RAMB36 50)
---------------------------------------------------------------------------------
Finished Part Resource Summary
---------------------------------------------------------------------------------
Start Parallel Synthesis Optimization  : Time (s): cpu = 00:01:38 ; elapsed = 00:02:19 . Memory (MB): peak = 812.043 ; gain = 275.094 ; free physical = 68 ; free virtual = 0
---------------------------------------------------------------------------------
Start Cross Boundary Optimization
---------------------------------------------------------------------------------
---------------------------------------------------------------------------------
Finished Cross Boundary Optimization : Time (s): cpu = 00:01:38 ; elapsed = 00:02:19 . Memory (MB): peak = 812.043 ; gain = 275.094 ; free physical = 67 ; free virtual = 0
---------------------------------------------------------------------------------
Finished Parallel Reinference  : Time (s): cpu = 00:01:38 ; elapsed = 00:02:19 . Memory (MB): peak = 812.043 ; gain = 275.094 ; free physical = 67 ; free virtual = 0

Report RTL Partitions: 
+-+--------------+------------+----------+
| |RTL Partition |Replication |Instances |
+-+--------------+------------+----------+
+-+--------------+------------+----------+
---------------------------------------------------------------------------------
Start RAM, DSP and Shift Register Reporting
---------------------------------------------------------------------------------
---------------------------------------------------------------------------------
Finished RAM, DSP and Shift Register Reporting
---------------------------------------------------------------------------------
---------------------------------------------------------------------------------
Start Area Optimization
---------------------------------------------------------------------------------
---------------------------------------------------------------------------------
Finished Area Optimization : Time (s): cpu = 00:01:39 ; elapsed = 00:02:20 . Memory (MB): peak = 812.043 ; gain = 275.094 ; free physical = 74 ; free virtual = 0
---------------------------------------------------------------------------------
---------------------------------------------------------------------------------
Finished Area Optimization : Time (s): cpu = 00:01:39 ; elapsed = 00:02:20 . Memory (MB): peak = 812.043 ; gain = 275.094 ; free physical = 74 ; free virtual = 0
---------------------------------------------------------------------------------
Finished Parallel Area Optimization  : Time (s): cpu = 00:01:39 ; elapsed = 00:02:20 . Memory (MB): peak = 812.043 ; gain = 275.094 ; free physical = 75 ; free virtual = 0

Report RTL Partitions: 
+-+--------------+------------+----------+
| |RTL Partition |Replication |Instances |
+-+--------------+------------+----------+
+-+--------------+------------+----------+
Finished Parallel Synthesis Optimization  : Time (s): cpu = 00:01:39 ; elapsed = 00:02:20 . Memory (MB): peak = 812.043 ; gain = 275.094 ; free physical = 75 ; free virtual = 0
---------------------------------------------------------------------------------
Start Timing Optimization
---------------------------------------------------------------------------------
---------------------------------------------------------------------------------
Start Applying XDC Timing Constraints
---------------------------------------------------------------------------------
---------------------------------------------------------------------------------
Finished Applying XDC Timing Constraints : Time (s): cpu = 00:03:07 ; elapsed = 00:03:54 . Memory (MB): peak = 831.043 ; gain = 294.094 ; free physical = 64 ; free virtual = 0
---------------------------------------------------------------------------------
---------------------------------------------------------------------------------
Finished Timing Optimization : Time (s): cpu = 00:03:07 ; elapsed = 00:03:54 . Memory (MB): peak = 831.043 ; gain = 294.094 ; free physical = 64 ; free virtual = 0
---------------------------------------------------------------------------------

Report RTL Partitions: 
+-+--------------+------------+----------+
| |RTL Partition |Replication |Instances |
+-+--------------+------------+----------+
+-+--------------+------------+----------+
---------------------------------------------------------------------------------
Start Technology Mapping
---------------------------------------------------------------------------------
---------------------------------------------------------------------------------
Finished Technology Mapping : Time (s): cpu = 00:03:07 ; elapsed = 00:03:54 . Memory (MB): peak = 836.059 ; gain = 299.109 ; free physical = 65 ; free virtual = 0
---------------------------------------------------------------------------------

Report RTL Partitions: 
+-+--------------+------------+----------+
| |RTL Partition |Replication |Instances |
+-+--------------+------------+----------+
+-+--------------+------------+----------+
---------------------------------------------------------------------------------
Start IO Insertion
---------------------------------------------------------------------------------
---------------------------------------------------------------------------------
Start Flattening Before IO Insertion
---------------------------------------------------------------------------------
---------------------------------------------------------------------------------
Finished Flattening Before IO Insertion
---------------------------------------------------------------------------------
---------------------------------------------------------------------------------
Start Final Netlist Cleanup
---------------------------------------------------------------------------------
---------------------------------------------------------------------------------
Finished Final Netlist Cleanup
---------------------------------------------------------------------------------
---------------------------------------------------------------------------------
Finished IO Insertion : Time (s): cpu = 00:03:10 ; elapsed = 00:03:57 . Memory (MB): peak = 836.059 ; gain = 299.109 ; free physical = 62 ; free virtual = 0
---------------------------------------------------------------------------------

Report Check Netlist: 
+------+------------------+-------+---------+-------+------------------+
|      |Item              |Errors |Warnings |Status |Description       |
+------+------------------+-------+---------+-------+------------------+
|1     |multi_driven_nets |      0|        0|Passed |Multi driven nets |
+------+------------------+-------+---------+-------+------------------+
---------------------------------------------------------------------------------
Start Renaming Generated Instances
---------------------------------------------------------------------------------
---------------------------------------------------------------------------------
Finished Renaming Generated Instances : Time (s): cpu = 00:03:10 ; elapsed = 00:03:57 . Memory (MB): peak = 836.059 ; gain = 299.109 ; free physical = 62 ; free virtual = 0
---------------------------------------------------------------------------------

Report RTL Partitions: 
+-+--------------+------------+----------+
| |RTL Partition |Replication |Instances |
+-+--------------+------------+----------+
+-+--------------+------------+----------+
---------------------------------------------------------------------------------
Start Rebuilding User Hierarchy
---------------------------------------------------------------------------------
---------------------------------------------------------------------------------
Finished Rebuilding User Hierarchy : Time (s): cpu = 00:03:10 ; elapsed = 00:03:57 . Memory (MB): peak = 836.059 ; gain = 299.109 ; free physical = 61 ; free virtual = 0
---------------------------------------------------------------------------------
---------------------------------------------------------------------------------
Start RAM, DSP and Shift Register Reporting
---------------------------------------------------------------------------------
---------------------------------------------------------------------------------
Finished RAM, DSP and Shift Register Reporting
---------------------------------------------------------------------------------
---------------------------------------------------------------------------------
Start Writing Synthesis Report
---------------------------------------------------------------------------------

Report BlackBoxes: 
+-+--------------+----------+
| |BlackBox name |Instances |
+-+--------------+----------+
+-+--------------+----------+

Report Cell Usage: 
+------+-----+------+
|      |Cell |Count |
+------+-----+------+
|1     |LUT1 |     1|
|2     |LUT2 |     3|
|3     |IBUF |     4|
|4     |OBUF |     4|
+------+-----+------+

Report Instance Areas: 
+------+---------+-------+------+
|      |Instance |Module |Cells |
+------+---------+-------+------+
|1     |top      |       |    12|
+------+---------+-------+------+
---------------------------------------------------------------------------------
Finished Writing Synthesis Report : Time (s): cpu = 00:03:10 ; elapsed = 00:03:57 . Memory (MB): peak = 836.059 ; gain = 299.109 ; free physical = 61 ; free virtual = 0
---------------------------------------------------------------------------------
Synthesis finished with 0 errors, 0 critical warnings and 0 warnings.
Synthesis Optimization Runtime : Time (s): cpu = 00:02:17 ; elapsed = 00:02:38 . Memory (MB): peak = 836.059 ; gain = 81.000 ; free physical = 61 ; free virtual = 0
Synthesis Optimization Complete : Time (s): cpu = 00:03:10 ; elapsed = 00:03:57 . Memory (MB): peak = 836.059 ; gain = 299.109 ; free physical = 61 ; free virtual = 0
INFO: [Project 1-571] Translating synthesized netlist
INFO: [Netlist 29-17] Analyzing 4 Unisim elements for replacement
INFO: [Netlist 29-28] Unisim Transformation completed in 0 CPU seconds
INFO: [Project 1-570] Preparing netlist for logic optimization
INFO: [Opt 31-140] Inserted 0 IBUFs to IO ports without IO buffers.
INFO: [Opt 31-141] Inserted 0 OBUFs to IO ports without IO buffers.
INFO: [Opt 31-138] Pushed 0 inverter(s) to 0 load pin(s).
INFO: [Project 1-111] Unisim Transformation Summary:
No Unisim elements were transformed.

INFO: [Common 17-83] Releasing license: Synthesis
14 Infos, 0 Warnings, 0 Critical Warnings and 0 Errors encountered.
synth_design completed successfully
synth_design: Time (s): cpu = 00:03:07 ; elapsed = 00:03:47 . Memory (MB): peak = 838.059 ; gain = 258.859 ; free physical = 66 ; free virtual = 0
# write_checkpoint -noxdef lab1.dcp
# catch { report_utilization -file lab1_utilization_synth.rpt -pb lab1_utilization_synth.pb }
report_utilization: Time (s): cpu = 00:00:00.41 ; elapsed = 00:00:02 . Memory (MB): peak = 846.062 ; gain = 0.000 ; free physical = 68 ; free virtual = 0
INFO: [Common 17-206] Exiting Vivado at Mon Sep 17 23:11:10 2018...
