Copyright 1986-2018 Xilinx, Inc. All Rights Reserved.
-----------------------------------------------------------------------------------------------------------------------------------------------------------
| Tool Version : Vivado v.2018.3 (win64) Build 2405991 Thu Dec  6 23:38:27 MST 2018
| Date         : Tue Nov 12 14:27:43 2019
| Host         : DESKTOP-DUF9KV0 running 64-bit major release  (build 9200)
| Command      : report_methodology -file girador_methodology_drc_routed.rpt -pb girador_methodology_drc_routed.pb -rpx girador_methodology_drc_routed.rpx
| Design       : girador
| Device       : xc7z010clg400-1
| Speed File   : -1
| Design State : Fully Routed
-----------------------------------------------------------------------------------------------------------------------------------------------------------

Report Methodology

Table of Contents
-----------------
1. REPORT SUMMARY
2. REPORT DETAILS

1. REPORT SUMMARY
-----------------
            Netlist: netlist
          Floorplan: design_1
      Design limits: <entire design considered>
             Max violations: <unlimited>
             Violations found: 2
+----------+----------+----------------------------------------------------+------------+
| Rule     | Severity | Description                                        | Violations |
+----------+----------+----------------------------------------------------+------------+
| TIMING-2 | Warning  | Invalid primary clock source pin                   | 1          |
| TIMING-4 | Warning  | Invalid primary clock redefinition on a clock tree | 1          |
+----------+----------+----------------------------------------------------+------------+

2. REPORT DETAILS
-----------------
TIMING-2#1 Warning
Invalid primary clock source pin  
A primary clock VGA/clock_unit/clock_unit_i/clk_wiz_0/inst/clk_in1 is created on an inappropriate pin VGA/clock_unit/clock_unit_i/clk_wiz_0/inst/clk_in1. It is recommended to create a primary clock only on a proper clock source (input port or primitive output pin with no timing arc)
Related violations: <none>

TIMING-4#1 Warning
Invalid primary clock redefinition on a clock tree  
Invalid clock redefinition on a clock tree. The primary clock VGA/clock_unit/clock_unit_i/clk_wiz_0/inst/clk_in1 is defined downstream of clock sys_clk_pin and overrides its insertion delay and/or waveform definition
Related violations: <none>


