
*** Running vivado
    with args -log interfaz_UART_VGA.vds -m64 -product Vivado -mode batch -messageDb vivado.pb -notrace -source interfaz_UART_VGA.tcl


****** Vivado v2018.3 (64-bit)
  **** SW Build 2405991 on Thu Dec  6 23:38:27 MST 2018
  **** IP Build 2404404 on Fri Dec  7 01:43:56 MST 2018
    ** Copyright 1986-2018 Xilinx, Inc. All Rights Reserved.

source interfaz_UART_VGA.tcl -notrace
INFO: [IP_Flow 19-234] Refreshing IP repositories
INFO: [IP_Flow 19-1704] No user IP repositories specified
INFO: [IP_Flow 19-2313] Loaded Vivado IP repository 'C:/Xilinx/Vivado/2018.3/data/ip'.
Command: synth_design -top interfaz_UART_VGA -part xc7z010clg400-1
Starting synth_design
Attempting to get a license for feature 'Synthesis' and/or device 'xc7z010'
INFO: [Common 17-349] Got license for feature 'Synthesis' and/or device 'xc7z010'
INFO: Launching helper process for spawning children vivado processes
INFO: Helper process launched with PID 15556 
---------------------------------------------------------------------------------
Starting RTL Elaboration : Time (s): cpu = 00:00:03 ; elapsed = 00:00:04 . Memory (MB): peak = 398.199 ; gain = 100.973
---------------------------------------------------------------------------------
INFO: [Synth 8-638] synthesizing module 'interfaz_UART_VGA' [C:/Users/Lenovo/Desktop/Sistemas Digitales/digisist/Vivado2018/Interfaz_UART-VGA/Interfaz_UART-VGA.srcs/sources_1/new/Interfaz_UART-VGA.vhd:49]
INFO: [Synth 8-3491] module 'vga_ctrl' declared at 'C:/Users/Lenovo/Desktop/Sistemas Digitales/digisist/Vivado2018/Interfaz_UART-VGA/Interfaz_UART-VGA.srcs/sources_1/imports/Ejemplos_TP2/arcvga/02VGAVideoMem/vga_ctrl.vhd:16' bound to instance 'VGA' of component 'vga_ctrl' [C:/Users/Lenovo/Desktop/Sistemas Digitales/digisist/Vivado2018/Interfaz_UART-VGA/Interfaz_UART-VGA.srcs/sources_1/new/Interfaz_UART-VGA.vhd:100]
INFO: [Synth 8-638] synthesizing module 'vga_ctrl' [C:/Users/Lenovo/Desktop/Sistemas Digitales/digisist/Vivado2018/Interfaz_UART-VGA/Interfaz_UART-VGA.srcs/sources_1/imports/Ejemplos_TP2/arcvga/02VGAVideoMem/vga_ctrl.vhd:39]
INFO: [Synth 8-3491] module 'gen_clk_wrapper' declared at 'C:/Users/Lenovo/Desktop/Sistemas Digitales/digisist/Vivado2018/Interfaz_UART-VGA/Interfaz_UART-VGA.srcs/sources_1/bd/gen_clk/hdl/gen_clk_wrapper.vhd:14' bound to instance 'clock_unit' of component 'gen_clk_wrapper' [C:/Users/Lenovo/Desktop/Sistemas Digitales/digisist/Vivado2018/Interfaz_UART-VGA/Interfaz_UART-VGA.srcs/sources_1/imports/Ejemplos_TP2/arcvga/02VGAVideoMem/vga_ctrl.vhd:95]
INFO: [Synth 8-638] synthesizing module 'gen_clk_wrapper' [C:/Users/Lenovo/Desktop/Sistemas Digitales/digisist/Vivado2018/Interfaz_UART-VGA/Interfaz_UART-VGA.srcs/sources_1/bd/gen_clk/hdl/gen_clk_wrapper.vhd:23]
INFO: [Synth 8-3491] module 'gen_clk' declared at 'C:/Users/Lenovo/Desktop/Sistemas Digitales/digisist/Vivado2018/Interfaz_UART-VGA/Interfaz_UART-VGA.srcs/sources_1/bd/gen_clk/synth/gen_clk.vhd:14' bound to instance 'gen_clk_i' of component 'gen_clk' [C:/Users/Lenovo/Desktop/Sistemas Digitales/digisist/Vivado2018/Interfaz_UART-VGA/Interfaz_UART-VGA.srcs/sources_1/bd/gen_clk/hdl/gen_clk_wrapper.vhd:33]
INFO: [Synth 8-638] synthesizing module 'gen_clk' [C:/Users/Lenovo/Desktop/Sistemas Digitales/digisist/Vivado2018/Interfaz_UART-VGA/Interfaz_UART-VGA.srcs/sources_1/bd/gen_clk/synth/gen_clk.vhd:27]
INFO: [Synth 8-3491] module 'gen_clk_clk_wiz_0_0' declared at 'C:/Users/Lenovo/Desktop/Sistemas Digitales/digisist/Vivado2018/Interfaz_UART-VGA/Interfaz_UART-VGA.runs/synth_1/.Xil/Vivado-5168-LAPTOP-T9IKLUT4/realtime/gen_clk_clk_wiz_0_0_stub.vhdl:5' bound to instance 'clk_wiz_0' of component 'gen_clk_clk_wiz_0_0' [C:/Users/Lenovo/Desktop/Sistemas Digitales/digisist/Vivado2018/Interfaz_UART-VGA/Interfaz_UART-VGA.srcs/sources_1/bd/gen_clk/synth/gen_clk.vhd:53]
INFO: [Synth 8-638] synthesizing module 'gen_clk_clk_wiz_0_0' [C:/Users/Lenovo/Desktop/Sistemas Digitales/digisist/Vivado2018/Interfaz_UART-VGA/Interfaz_UART-VGA.runs/synth_1/.Xil/Vivado-5168-LAPTOP-T9IKLUT4/realtime/gen_clk_clk_wiz_0_0_stub.vhdl:15]
INFO: [Synth 8-256] done synthesizing module 'gen_clk' (1#1) [C:/Users/Lenovo/Desktop/Sistemas Digitales/digisist/Vivado2018/Interfaz_UART-VGA/Interfaz_UART-VGA.srcs/sources_1/bd/gen_clk/synth/gen_clk.vhd:27]
INFO: [Synth 8-256] done synthesizing module 'gen_clk_wrapper' (2#1) [C:/Users/Lenovo/Desktop/Sistemas Digitales/digisist/Vivado2018/Interfaz_UART-VGA/Interfaz_UART-VGA.srcs/sources_1/bd/gen_clk/hdl/gen_clk_wrapper.vhd:23]
INFO: [Synth 8-638] synthesizing module 'vga_sync' [C:/Users/Lenovo/Desktop/Sistemas Digitales/digisist/Vivado2018/Interfaz_UART-VGA/Interfaz_UART-VGA.srcs/sources_1/imports/Ejemplos_TP2/arcvga/02VGAVideoMem/vga_sync.vhd:26]
INFO: [Synth 8-256] done synthesizing module 'vga_sync' (3#1) [C:/Users/Lenovo/Desktop/Sistemas Digitales/digisist/Vivado2018/Interfaz_UART-VGA/Interfaz_UART-VGA.srcs/sources_1/imports/Ejemplos_TP2/arcvga/02VGAVideoMem/vga_sync.vhd:26]
INFO: [Synth 8-638] synthesizing module 'gen_pixels' [C:/Users/Lenovo/Desktop/Sistemas Digitales/digisist/Vivado2018/Interfaz_UART-VGA/Interfaz_UART-VGA.srcs/sources_1/imports/Ejemplos_TP2/arcvga/02VGAVideoMem/gen_pixels.vhd:28]
INFO: [Synth 8-256] done synthesizing module 'gen_pixels' (4#1) [C:/Users/Lenovo/Desktop/Sistemas Digitales/digisist/Vivado2018/Interfaz_UART-VGA/Interfaz_UART-VGA.srcs/sources_1/imports/Ejemplos_TP2/arcvga/02VGAVideoMem/gen_pixels.vhd:28]
INFO: [Synth 8-3491] module 'video_mem_wrapper' declared at 'C:/Users/Lenovo/Desktop/Sistemas Digitales/digisist/Vivado2018/Interfaz_UART-VGA/Interfaz_UART-VGA.srcs/sources_1/bd/video_mem/hdl/video_mem_wrapper.vhd:14' bound to instance 'memoria_video' of component 'video_mem_wrapper' [C:/Users/Lenovo/Desktop/Sistemas Digitales/digisist/Vivado2018/Interfaz_UART-VGA/Interfaz_UART-VGA.srcs/sources_1/imports/Ejemplos_TP2/arcvga/02VGAVideoMem/vga_ctrl.vhd:146]
INFO: [Synth 8-638] synthesizing module 'video_mem_wrapper' [C:/Users/Lenovo/Desktop/Sistemas Digitales/digisist/Vivado2018/Interfaz_UART-VGA/Interfaz_UART-VGA.srcs/sources_1/bd/video_mem/hdl/video_mem_wrapper.vhd:28]
INFO: [Synth 8-3491] module 'video_mem' declared at 'C:/Users/Lenovo/Desktop/Sistemas Digitales/digisist/Vivado2018/Interfaz_UART-VGA/Interfaz_UART-VGA.srcs/sources_1/bd/video_mem/synth/video_mem.vhd:14' bound to instance 'video_mem_i' of component 'video_mem' [C:/Users/Lenovo/Desktop/Sistemas Digitales/digisist/Vivado2018/Interfaz_UART-VGA/Interfaz_UART-VGA.srcs/sources_1/bd/video_mem/hdl/video_mem_wrapper.vhd:43]
INFO: [Synth 8-638] synthesizing module 'video_mem' [C:/Users/Lenovo/Desktop/Sistemas Digitales/digisist/Vivado2018/Interfaz_UART-VGA/Interfaz_UART-VGA.srcs/sources_1/bd/video_mem/synth/video_mem.vhd:32]
INFO: [Synth 8-3491] module 'video_mem_blk_mem_gen_0_0' declared at 'C:/Users/Lenovo/Desktop/Sistemas Digitales/digisist/Vivado2018/Interfaz_UART-VGA/Interfaz_UART-VGA.runs/synth_1/.Xil/Vivado-5168-LAPTOP-T9IKLUT4/realtime/video_mem_blk_mem_gen_0_0_stub.vhdl:5' bound to instance 'blk_mem_gen_0' of component 'video_mem_blk_mem_gen_0_0' [C:/Users/Lenovo/Desktop/Sistemas Digitales/digisist/Vivado2018/Interfaz_UART-VGA/Interfaz_UART-VGA.srcs/sources_1/bd/video_mem/synth/video_mem.vhd:71]
INFO: [Synth 8-638] synthesizing module 'video_mem_blk_mem_gen_0_0' [C:/Users/Lenovo/Desktop/Sistemas Digitales/digisist/Vivado2018/Interfaz_UART-VGA/Interfaz_UART-VGA.runs/synth_1/.Xil/Vivado-5168-LAPTOP-T9IKLUT4/realtime/video_mem_blk_mem_gen_0_0_stub.vhdl:20]
INFO: [Synth 8-256] done synthesizing module 'video_mem' (5#1) [C:/Users/Lenovo/Desktop/Sistemas Digitales/digisist/Vivado2018/Interfaz_UART-VGA/Interfaz_UART-VGA.srcs/sources_1/bd/video_mem/synth/video_mem.vhd:32]
INFO: [Synth 8-256] done synthesizing module 'video_mem_wrapper' (6#1) [C:/Users/Lenovo/Desktop/Sistemas Digitales/digisist/Vivado2018/Interfaz_UART-VGA/Interfaz_UART-VGA.srcs/sources_1/bd/video_mem/hdl/video_mem_wrapper.vhd:28]
	Parameter N bound to: 6 - type: integer 
	Parameter M bound to: 3 - type: integer 
	Parameter W bound to: 8 - type: integer 
INFO: [Synth 8-3491] module 'Char_ROM' declared at 'C:/Users/Lenovo/Desktop/Sistemas Digitales/digisist/Vivado2018/Interfaz_UART-VGA/Interfaz_UART-VGA.srcs/sources_1/imports/TP2/Char_ROM.vhd:6' bound to instance 'chars' of component 'char_rom' [C:/Users/Lenovo/Desktop/Sistemas Digitales/digisist/Vivado2018/Interfaz_UART-VGA/Interfaz_UART-VGA.srcs/sources_1/imports/Ejemplos_TP2/arcvga/02VGAVideoMem/vga_ctrl.vhd:158]
INFO: [Synth 8-638] synthesizing module 'Char_ROM' [C:/Users/Lenovo/Desktop/Sistemas Digitales/digisist/Vivado2018/Interfaz_UART-VGA/Interfaz_UART-VGA.srcs/sources_1/imports/TP2/Char_ROM.vhd:19]
	Parameter N bound to: 6 - type: integer 
	Parameter M bound to: 3 - type: integer 
	Parameter W bound to: 8 - type: integer 
INFO: [Synth 8-256] done synthesizing module 'Char_ROM' (7#1) [C:/Users/Lenovo/Desktop/Sistemas Digitales/digisist/Vivado2018/Interfaz_UART-VGA/Interfaz_UART-VGA.srcs/sources_1/imports/TP2/Char_ROM.vhd:19]
WARNING: [Synth 8-614] signal 'pixel_value_reg' is read in the process but is not in the sensitivity list [C:/Users/Lenovo/Desktop/Sistemas Digitales/digisist/Vivado2018/Interfaz_UART-VGA/Interfaz_UART-VGA.srcs/sources_1/imports/Ejemplos_TP2/arcvga/02VGAVideoMem/vga_ctrl.vhd:167]
INFO: [Synth 8-256] done synthesizing module 'vga_ctrl' (8#1) [C:/Users/Lenovo/Desktop/Sistemas Digitales/digisist/Vivado2018/Interfaz_UART-VGA/Interfaz_UART-VGA.srcs/sources_1/imports/Ejemplos_TP2/arcvga/02VGAVideoMem/vga_ctrl.vhd:39]
INFO: [Synth 8-3491] module 'meta_harden' declared at 'C:/Users/Lenovo/Desktop/Sistemas Digitales/digisist/Vivado2018/Interfaz_UART-VGA/Interfaz_UART-VGA.srcs/sources_1/imports/Ejemplos_TP2/UART_Fuentes/meta_harden.vhd:27' bound to instance 'meta_harden_rst_i0' of component 'meta_harden' [C:/Users/Lenovo/Desktop/Sistemas Digitales/digisist/Vivado2018/Interfaz_UART-VGA/Interfaz_UART-VGA.srcs/sources_1/new/Interfaz_UART-VGA.vhd:114]
INFO: [Synth 8-638] synthesizing module 'meta_harden' [C:/Users/Lenovo/Desktop/Sistemas Digitales/digisist/Vivado2018/Interfaz_UART-VGA/Interfaz_UART-VGA.srcs/sources_1/imports/Ejemplos_TP2/UART_Fuentes/meta_harden.vhd:36]
INFO: [Synth 8-256] done synthesizing module 'meta_harden' (9#1) [C:/Users/Lenovo/Desktop/Sistemas Digitales/digisist/Vivado2018/Interfaz_UART-VGA/Interfaz_UART-VGA.srcs/sources_1/imports/Ejemplos_TP2/UART_Fuentes/meta_harden.vhd:36]
	Parameter BAUD_RATE bound to: 115200 - type: integer 
	Parameter CLOCK_RATE bound to: 125000000 - type: integer 
INFO: [Synth 8-3491] module 'uart_rx' declared at 'C:/Users/Lenovo/Desktop/Sistemas Digitales/digisist/Vivado2018/Interfaz_UART-VGA/Interfaz_UART-VGA.srcs/sources_1/imports/Ejemplos_TP2/UART_Fuentes/uart_rx.vhd:38' bound to instance 'UART' of component 'uart_rx' [C:/Users/Lenovo/Desktop/Sistemas Digitales/digisist/Vivado2018/Interfaz_UART-VGA/Interfaz_UART-VGA.srcs/sources_1/new/Interfaz_UART-VGA.vhd:122]
INFO: [Synth 8-638] synthesizing module 'uart_rx' [C:/Users/Lenovo/Desktop/Sistemas Digitales/digisist/Vivado2018/Interfaz_UART-VGA/Interfaz_UART-VGA.srcs/sources_1/imports/Ejemplos_TP2/UART_Fuentes/uart_rx.vhd:58]
	Parameter BAUD_RATE bound to: 115200 - type: integer 
	Parameter CLOCK_RATE bound to: 125000000 - type: integer 
INFO: [Synth 8-3491] module 'meta_harden' declared at 'C:/Users/Lenovo/Desktop/Sistemas Digitales/digisist/Vivado2018/Interfaz_UART-VGA/Interfaz_UART-VGA.srcs/sources_1/imports/Ejemplos_TP2/UART_Fuentes/meta_harden.vhd:27' bound to instance 'meta_harden_rxd_i0' of component 'meta_harden' [C:/Users/Lenovo/Desktop/Sistemas Digitales/digisist/Vivado2018/Interfaz_UART-VGA/Interfaz_UART-VGA.srcs/sources_1/imports/Ejemplos_TP2/UART_Fuentes/uart_rx.vhd:108]
	Parameter BAUD_RATE bound to: 115200 - type: integer 
	Parameter CLOCK_RATE bound to: 125000000 - type: integer 
INFO: [Synth 8-3491] module 'uart_baud_gen' declared at 'C:/Users/Lenovo/Desktop/Sistemas Digitales/digisist/Vivado2018/Interfaz_UART-VGA/Interfaz_UART-VGA.srcs/sources_1/imports/Ejemplos_TP2/UART_Fuentes/uart_baud_gen.vhd:36' bound to instance 'uart_baud_gen_rx_i0' of component 'uart_baud_gen' [C:/Users/Lenovo/Desktop/Sistemas Digitales/digisist/Vivado2018/Interfaz_UART-VGA/Interfaz_UART-VGA.srcs/sources_1/imports/Ejemplos_TP2/UART_Fuentes/uart_rx.vhd:116]
INFO: [Synth 8-638] synthesizing module 'uart_baud_gen' [C:/Users/Lenovo/Desktop/Sistemas Digitales/digisist/Vivado2018/Interfaz_UART-VGA/Interfaz_UART-VGA.srcs/sources_1/imports/Ejemplos_TP2/UART_Fuentes/uart_baud_gen.vhd:50]
	Parameter BAUD_RATE bound to: 115200 - type: integer 
	Parameter CLOCK_RATE bound to: 125000000 - type: integer 
INFO: [Synth 8-256] done synthesizing module 'uart_baud_gen' (10#1) [C:/Users/Lenovo/Desktop/Sistemas Digitales/digisist/Vivado2018/Interfaz_UART-VGA/Interfaz_UART-VGA.srcs/sources_1/imports/Ejemplos_TP2/UART_Fuentes/uart_baud_gen.vhd:50]
INFO: [Synth 8-3491] module 'uart_rx_ctl' declared at 'C:/Users/Lenovo/Desktop/Sistemas Digitales/digisist/Vivado2018/Interfaz_UART-VGA/Interfaz_UART-VGA.srcs/sources_1/imports/Ejemplos_TP2/UART_Fuentes/uart_rx_ctl.vhd:53' bound to instance 'uart_rx_ctl_i0' of component 'uart_rx_ctl' [C:/Users/Lenovo/Desktop/Sistemas Digitales/digisist/Vivado2018/Interfaz_UART-VGA/Interfaz_UART-VGA.srcs/sources_1/imports/Ejemplos_TP2/UART_Fuentes/uart_rx.vhd:127]
INFO: [Synth 8-638] synthesizing module 'uart_rx_ctl' [C:/Users/Lenovo/Desktop/Sistemas Digitales/digisist/Vivado2018/Interfaz_UART-VGA/Interfaz_UART-VGA.srcs/sources_1/imports/Ejemplos_TP2/UART_Fuentes/uart_rx_ctl.vhd:70]
INFO: [Synth 8-226] default block is never used [C:/Users/Lenovo/Desktop/Sistemas Digitales/digisist/Vivado2018/Interfaz_UART-VGA/Interfaz_UART-VGA.srcs/sources_1/imports/Ejemplos_TP2/UART_Fuentes/uart_rx_ctl.vhd:95]
INFO: [Synth 8-256] done synthesizing module 'uart_rx_ctl' (11#1) [C:/Users/Lenovo/Desktop/Sistemas Digitales/digisist/Vivado2018/Interfaz_UART-VGA/Interfaz_UART-VGA.srcs/sources_1/imports/Ejemplos_TP2/UART_Fuentes/uart_rx_ctl.vhd:70]
INFO: [Synth 8-256] done synthesizing module 'uart_rx' (12#1) [C:/Users/Lenovo/Desktop/Sistemas Digitales/digisist/Vivado2018/Interfaz_UART-VGA/Interfaz_UART-VGA.srcs/sources_1/imports/Ejemplos_TP2/UART_Fuentes/uart_rx.vhd:58]
INFO: [Synth 8-256] done synthesizing module 'interfaz_UART_VGA' (13#1) [C:/Users/Lenovo/Desktop/Sistemas Digitales/digisist/Vivado2018/Interfaz_UART-VGA/Interfaz_UART-VGA.srcs/sources_1/new/Interfaz_UART-VGA.vhd:49]
WARNING: [Synth 8-3331] design gen_pixels has unconnected port pixel_x[9]
WARNING: [Synth 8-3331] design gen_pixels has unconnected port pixel_x[8]
WARNING: [Synth 8-3331] design gen_pixels has unconnected port pixel_x[7]
WARNING: [Synth 8-3331] design gen_pixels has unconnected port pixel_x[6]
WARNING: [Synth 8-3331] design gen_pixels has unconnected port pixel_x[5]
WARNING: [Synth 8-3331] design gen_pixels has unconnected port pixel_x[4]
WARNING: [Synth 8-3331] design gen_pixels has unconnected port pixel_x[3]
WARNING: [Synth 8-3331] design gen_pixels has unconnected port pixel_x[2]
WARNING: [Synth 8-3331] design gen_pixels has unconnected port pixel_x[1]
WARNING: [Synth 8-3331] design gen_pixels has unconnected port pixel_x[0]
WARNING: [Synth 8-3331] design gen_pixels has unconnected port pixel_y[9]
WARNING: [Synth 8-3331] design gen_pixels has unconnected port pixel_y[8]
WARNING: [Synth 8-3331] design gen_pixels has unconnected port pixel_y[7]
WARNING: [Synth 8-3331] design gen_pixels has unconnected port pixel_y[6]
WARNING: [Synth 8-3331] design gen_pixels has unconnected port pixel_y[5]
WARNING: [Synth 8-3331] design gen_pixels has unconnected port pixel_y[4]
WARNING: [Synth 8-3331] design gen_pixels has unconnected port pixel_y[3]
WARNING: [Synth 8-3331] design gen_pixels has unconnected port pixel_y[2]
WARNING: [Synth 8-3331] design gen_pixels has unconnected port pixel_y[1]
WARNING: [Synth 8-3331] design gen_pixels has unconnected port pixel_y[0]
WARNING: [Synth 8-3331] design vga_ctrl has unconnected port sw[2]
WARNING: [Synth 8-3331] design vga_ctrl has unconnected port sw[1]
WARNING: [Synth 8-3331] design vga_ctrl has unconnected port sw[0]
WARNING: [Synth 8-3331] design vga_ctrl has unconnected port rx_data[6]
WARNING: [Synth 8-3331] design vga_ctrl has unconnected port rx_data[5]
WARNING: [Synth 8-3331] design vga_ctrl has unconnected port rx_data[4]
WARNING: [Synth 8-3331] design vga_ctrl has unconnected port rx_data[3]
WARNING: [Synth 8-3331] design vga_ctrl has unconnected port rx_data[2]
WARNING: [Synth 8-3331] design vga_ctrl has unconnected port rx_data[1]
WARNING: [Synth 8-3331] design vga_ctrl has unconnected port rx_data[0]
---------------------------------------------------------------------------------
Finished RTL Elaboration : Time (s): cpu = 00:00:04 ; elapsed = 00:00:05 . Memory (MB): peak = 454.559 ; gain = 157.332
---------------------------------------------------------------------------------

Report Check Netlist: 
+------+------------------+-------+---------+-------+------------------+
|      |Item              |Errors |Warnings |Status |Description       |
+------+------------------+-------+---------+-------+------------------+
|1     |multi_driven_nets |      0|        0|Passed |Multi driven nets |
+------+------------------+-------+---------+-------+------------------+
---------------------------------------------------------------------------------
Start Handling Custom Attributes
---------------------------------------------------------------------------------
---------------------------------------------------------------------------------
Finished Handling Custom Attributes : Time (s): cpu = 00:00:04 ; elapsed = 00:00:05 . Memory (MB): peak = 454.559 ; gain = 157.332
---------------------------------------------------------------------------------
---------------------------------------------------------------------------------
Finished RTL Optimization Phase 1 : Time (s): cpu = 00:00:04 ; elapsed = 00:00:05 . Memory (MB): peak = 454.559 ; gain = 157.332
---------------------------------------------------------------------------------
INFO: [Device 21-403] Loading part xc7z010clg400-1
INFO: [Project 1-570] Preparing netlist for logic optimization

Processing XDC Constraints
Initializing timing engine
Parsing XDC File [c:/Users/Lenovo/Desktop/Sistemas Digitales/digisist/Vivado2018/Interfaz_UART-VGA/Interfaz_UART-VGA.srcs/sources_1/bd/video_mem/ip/video_mem_blk_mem_gen_0_0/video_mem_blk_mem_gen_0_0/video_mem_blk_mem_gen_0_0_in_context.xdc] for cell 'VGA/memoria_video/video_mem_i/blk_mem_gen_0'
Finished Parsing XDC File [c:/Users/Lenovo/Desktop/Sistemas Digitales/digisist/Vivado2018/Interfaz_UART-VGA/Interfaz_UART-VGA.srcs/sources_1/bd/video_mem/ip/video_mem_blk_mem_gen_0_0/video_mem_blk_mem_gen_0_0/video_mem_blk_mem_gen_0_0_in_context.xdc] for cell 'VGA/memoria_video/video_mem_i/blk_mem_gen_0'
Parsing XDC File [c:/Users/Lenovo/Desktop/Sistemas Digitales/digisist/Vivado2018/Interfaz_UART-VGA/Interfaz_UART-VGA.srcs/sources_1/bd/gen_clk/ip/gen_clk_clk_wiz_0_0/gen_clk_clk_wiz_0_0/gen_clk_clk_wiz_0_0_in_context.xdc] for cell 'VGA/clock_unit/gen_clk_i/clk_wiz_0'
Finished Parsing XDC File [c:/Users/Lenovo/Desktop/Sistemas Digitales/digisist/Vivado2018/Interfaz_UART-VGA/Interfaz_UART-VGA.srcs/sources_1/bd/gen_clk/ip/gen_clk_clk_wiz_0_0/gen_clk_clk_wiz_0_0/gen_clk_clk_wiz_0_0_in_context.xdc] for cell 'VGA/clock_unit/gen_clk_i/clk_wiz_0'
Parsing XDC File [C:/Users/Lenovo/Desktop/Sistemas Digitales/digisist/Vivado2018/Interfaz_UART-VGA/Interfaz_UART-VGA.srcs/constrs_1/imports/digisist/Ejemplos_TP2/arcvga/04PinesVGAVideoMem/Arty-Z7-20-Master.xdc]
WARNING: [Vivado 12-584] No ports matched 'led[0]'. [C:/Users/Lenovo/Desktop/Sistemas Digitales/digisist/Vivado2018/Interfaz_UART-VGA/Interfaz_UART-VGA.srcs/constrs_1/imports/digisist/Ejemplos_TP2/arcvga/04PinesVGAVideoMem/Arty-Z7-20-Master.xdc:27]
WARNING: [Vivado 12-584] No ports matched 'led[1]'. [C:/Users/Lenovo/Desktop/Sistemas Digitales/digisist/Vivado2018/Interfaz_UART-VGA/Interfaz_UART-VGA.srcs/constrs_1/imports/digisist/Ejemplos_TP2/arcvga/04PinesVGAVideoMem/Arty-Z7-20-Master.xdc:28]
WARNING: [Vivado 12-584] No ports matched 'led[2]'. [C:/Users/Lenovo/Desktop/Sistemas Digitales/digisist/Vivado2018/Interfaz_UART-VGA/Interfaz_UART-VGA.srcs/constrs_1/imports/digisist/Ejemplos_TP2/arcvga/04PinesVGAVideoMem/Arty-Z7-20-Master.xdc:29]
WARNING: [Vivado 12-584] No ports matched 'led[3]'. [C:/Users/Lenovo/Desktop/Sistemas Digitales/digisist/Vivado2018/Interfaz_UART-VGA/Interfaz_UART-VGA.srcs/constrs_1/imports/digisist/Ejemplos_TP2/arcvga/04PinesVGAVideoMem/Arty-Z7-20-Master.xdc:30]
Finished Parsing XDC File [C:/Users/Lenovo/Desktop/Sistemas Digitales/digisist/Vivado2018/Interfaz_UART-VGA/Interfaz_UART-VGA.srcs/constrs_1/imports/digisist/Ejemplos_TP2/arcvga/04PinesVGAVideoMem/Arty-Z7-20-Master.xdc]
WARNING: [Project 1-498] One or more constraints failed evaluation while reading constraint file [C:/Users/Lenovo/Desktop/Sistemas Digitales/digisist/Vivado2018/Interfaz_UART-VGA/Interfaz_UART-VGA.srcs/constrs_1/imports/digisist/Ejemplos_TP2/arcvga/04PinesVGAVideoMem/Arty-Z7-20-Master.xdc] and the design contains unresolved black boxes. These constraints will be read post-synthesis (as long as their source constraint file is marked as used_in_implementation) and should be applied correctly then. You should review the constraints listed in the file [.Xil/interfaz_UART_VGA_propImpl.xdc] and check the run log file to verify that these constraints were correctly applied.
INFO: [Project 1-236] Implementation specific constraints were found while reading constraint file [C:/Users/Lenovo/Desktop/Sistemas Digitales/digisist/Vivado2018/Interfaz_UART-VGA/Interfaz_UART-VGA.srcs/constrs_1/imports/digisist/Ejemplos_TP2/arcvga/04PinesVGAVideoMem/Arty-Z7-20-Master.xdc]. These constraints will be ignored for synthesis but will be used in implementation. Impacted constraints are listed in the file [.Xil/interfaz_UART_VGA_propImpl.xdc].
Resolution: To avoid this warning, move constraints listed in [.Xil/interfaz_UART_VGA_propImpl.xdc] to another XDC file and exclude this new file from synthesis with the used_in_synthesis property (File Properties dialog in GUI) and re-run elaboration/synthesis.
Parsing XDC File [C:/Users/Lenovo/Desktop/Sistemas Digitales/digisist/Vivado2018/Interfaz_UART-VGA/Interfaz_UART-VGA.runs/synth_1/dont_touch.xdc]
Finished Parsing XDC File [C:/Users/Lenovo/Desktop/Sistemas Digitales/digisist/Vivado2018/Interfaz_UART-VGA/Interfaz_UART-VGA.runs/synth_1/dont_touch.xdc]
Netlist sorting complete. Time (s): cpu = 00:00:00 ; elapsed = 00:00:00 . Memory (MB): peak = 796.898 ; gain = 0.000
Completed Processing XDC Constraints

Netlist sorting complete. Time (s): cpu = 00:00:00 ; elapsed = 00:00:00 . Memory (MB): peak = 796.898 ; gain = 0.000
INFO: [Project 1-111] Unisim Transformation Summary:
No Unisim elements were transformed.

Netlist sorting complete. Time (s): cpu = 00:00:00 ; elapsed = 00:00:00 . Memory (MB): peak = 796.898 ; gain = 0.000
Constraint Validation Runtime : Time (s): cpu = 00:00:00 ; elapsed = 00:00:00.006 . Memory (MB): peak = 796.898 ; gain = 0.000
---------------------------------------------------------------------------------
Finished Constraint Validation : Time (s): cpu = 00:00:13 ; elapsed = 00:00:15 . Memory (MB): peak = 796.898 ; gain = 499.672
---------------------------------------------------------------------------------
---------------------------------------------------------------------------------
Start Loading Part and Timing Information
---------------------------------------------------------------------------------
Loading part: xc7z010clg400-1
---------------------------------------------------------------------------------
Finished Loading Part and Timing Information : Time (s): cpu = 00:00:13 ; elapsed = 00:00:15 . Memory (MB): peak = 796.898 ; gain = 499.672
---------------------------------------------------------------------------------
---------------------------------------------------------------------------------
Start Applying 'set_property' XDC Constraints
---------------------------------------------------------------------------------
Applied set_property IO_BUFFER_TYPE = NONE for sys_clk. (constraint file  {c:/Users/Lenovo/Desktop/Sistemas Digitales/digisist/Vivado2018/Interfaz_UART-VGA/Interfaz_UART-VGA.srcs/sources_1/bd/gen_clk/ip/gen_clk_clk_wiz_0_0/gen_clk_clk_wiz_0_0/gen_clk_clk_wiz_0_0_in_context.xdc}, line 3).
Applied set_property CLOCK_BUFFER_TYPE = NONE for sys_clk. (constraint file  {c:/Users/Lenovo/Desktop/Sistemas Digitales/digisist/Vivado2018/Interfaz_UART-VGA/Interfaz_UART-VGA.srcs/sources_1/bd/gen_clk/ip/gen_clk_clk_wiz_0_0/gen_clk_clk_wiz_0_0/gen_clk_clk_wiz_0_0_in_context.xdc}, line 4).
Applied set_property DONT_TOUCH = true for VGA/memoria_video/video_mem_i. (constraint file  auto generated constraint, line ).
Applied set_property DONT_TOUCH = true for VGA/memoria_video/video_mem_i/blk_mem_gen_0. (constraint file  auto generated constraint, line ).
Applied set_property DONT_TOUCH = true for VGA/clock_unit/gen_clk_i. (constraint file  auto generated constraint, line ).
Applied set_property DONT_TOUCH = true for VGA/clock_unit/gen_clk_i/clk_wiz_0. (constraint file  auto generated constraint, line ).
---------------------------------------------------------------------------------
Finished applying 'set_property' XDC Constraints : Time (s): cpu = 00:00:13 ; elapsed = 00:00:15 . Memory (MB): peak = 796.898 ; gain = 499.672
---------------------------------------------------------------------------------
INFO: [Synth 8-5546] ROM "h_end" won't be mapped to RAM because it is too sparse
INFO: [Synth 8-5546] ROM "v_end" won't be mapped to RAM because it is too sparse
INFO: [Synth 8-5546] ROM "RAM" won't be mapped to RAM because it is too sparse
INFO: [Synth 8-5545] ROM "addra_03" won't be mapped to RAM because address size (32) is larger than maximum supported(25)
INFO: [Synth 8-5546] ROM "baud_x16_en_reg" won't be mapped to RAM because it is too sparse
INFO: [Synth 8-802] inferred FSM for state register 'state_reg' in module 'uart_rx_ctl'
INFO: [Synth 8-5544] ROM "over_sample_cnt_done" won't be mapped to Block RAM because address size (4) smaller than threshold (5)
INFO: [Synth 8-5544] ROM "bit_cnt_done" won't be mapped to Block RAM because address size (3) smaller than threshold (5)
INFO: [Synth 8-5544] ROM "bit_cnt" won't be mapped to Block RAM because address size (2) smaller than threshold (5)
INFO: [Synth 8-5544] ROM "bit_cnt" won't be mapped to Block RAM because address size (2) smaller than threshold (5)
INFO: [Synth 8-5544] ROM "state" won't be mapped to Block RAM because address size (1) smaller than threshold (5)
---------------------------------------------------------------------------------------------------
                   State |                     New Encoding |                Previous Encoding 
---------------------------------------------------------------------------------------------------
                 iSTATE1 |                               00 |                               00
                  iSTATE |                               01 |                               01
                 iSTATE0 |                               10 |                               10
                 iSTATE2 |                               11 |                               11
---------------------------------------------------------------------------------------------------
INFO: [Synth 8-3354] encoded FSM with state register 'state_reg' using encoding 'sequential' in module 'uart_rx_ctl'
---------------------------------------------------------------------------------
Finished RTL Optimization Phase 2 : Time (s): cpu = 00:00:14 ; elapsed = 00:00:16 . Memory (MB): peak = 796.898 ; gain = 499.672
---------------------------------------------------------------------------------

Report RTL Partitions: 
+-+--------------+------------+----------+
| |RTL Partition |Replication |Instances |
+-+--------------+------------+----------+
+-+--------------+------------+----------+
---------------------------------------------------------------------------------
Start RTL Component Statistics 
---------------------------------------------------------------------------------
Detailed RTL Component Info : 
+---Adders : 
	   2 Input     32 Bit       Adders := 1     
	   2 Input     31 Bit       Adders := 3     
	   2 Input     19 Bit       Adders := 2     
	   2 Input     10 Bit       Adders := 2     
	   2 Input      8 Bit       Adders := 1     
	   2 Input      7 Bit       Adders := 1     
	   2 Input      4 Bit       Adders := 1     
	   2 Input      3 Bit       Adders := 2     
+---Registers : 
	               10 Bit    Registers := 2     
	                8 Bit    Registers := 1     
	                7 Bit    Registers := 1     
	                4 Bit    Registers := 4     
	                3 Bit    Registers := 3     
	                2 Bit    Registers := 1     
	                1 Bit    Registers := 12    
+---Muxes : 
	   2 Input     31 Bit        Muxes := 3     
	   2 Input     19 Bit        Muxes := 2     
	   2 Input     10 Bit        Muxes := 2     
	 257 Input      8 Bit        Muxes := 1     
	   2 Input      8 Bit        Muxes := 4     
	   2 Input      4 Bit        Muxes := 5     
	   2 Input      3 Bit        Muxes := 1     
	   4 Input      2 Bit        Muxes := 1     
	   2 Input      2 Bit        Muxes := 2     
	   6 Input      2 Bit        Muxes := 1     
	   2 Input      1 Bit        Muxes := 12    
	   4 Input      1 Bit        Muxes := 1     
---------------------------------------------------------------------------------
Finished RTL Component Statistics 
---------------------------------------------------------------------------------
---------------------------------------------------------------------------------
Start RTL Hierarchical Component Statistics 
---------------------------------------------------------------------------------
Hierarchical RTL Component report 
Module vga_sync 
Detailed RTL Component Info : 
+---Adders : 
	   2 Input     10 Bit       Adders := 2     
+---Registers : 
	               10 Bit    Registers := 2     
	                1 Bit    Registers := 3     
+---Muxes : 
	   2 Input     10 Bit        Muxes := 2     
	   2 Input      1 Bit        Muxes := 2     
Module gen_pixels 
Detailed RTL Component Info : 
+---Registers : 
	                4 Bit    Registers := 3     
+---Muxes : 
	   2 Input      4 Bit        Muxes := 3     
Module Char_ROM 
Detailed RTL Component Info : 
+---Muxes : 
	 257 Input      8 Bit        Muxes := 1     
Module vga_ctrl 
Detailed RTL Component Info : 
+---Adders : 
	   2 Input     32 Bit       Adders := 1     
	   2 Input     31 Bit       Adders := 3     
	   2 Input     19 Bit       Adders := 2     
	   2 Input      8 Bit       Adders := 1     
	   2 Input      3 Bit       Adders := 1     
+---Registers : 
	                3 Bit    Registers := 2     
	                1 Bit    Registers := 2     
+---Muxes : 
	   2 Input     31 Bit        Muxes := 3     
	   2 Input     19 Bit        Muxes := 2     
	   2 Input      8 Bit        Muxes := 2     
	   2 Input      3 Bit        Muxes := 1     
Module meta_harden 
Detailed RTL Component Info : 
+---Registers : 
	                1 Bit    Registers := 2     
Module uart_baud_gen 
Detailed RTL Component Info : 
+---Adders : 
	   2 Input      7 Bit       Adders := 1     
+---Registers : 
	                7 Bit    Registers := 1     
	                1 Bit    Registers := 1     
+---Muxes : 
	   2 Input      1 Bit        Muxes := 1     
Module uart_rx_ctl 
Detailed RTL Component Info : 
+---Adders : 
	   2 Input      4 Bit       Adders := 1     
	   2 Input      3 Bit       Adders := 1     
+---Registers : 
	                8 Bit    Registers := 1     
	                4 Bit    Registers := 1     
	                3 Bit    Registers := 1     
	                2 Bit    Registers := 1     
	                1 Bit    Registers := 2     
+---Muxes : 
	   2 Input      8 Bit        Muxes := 2     
	   2 Input      4 Bit        Muxes := 2     
	   4 Input      2 Bit        Muxes := 1     
	   2 Input      2 Bit        Muxes := 2     
	   6 Input      2 Bit        Muxes := 1     
	   2 Input      1 Bit        Muxes := 9     
	   4 Input      1 Bit        Muxes := 1     
---------------------------------------------------------------------------------
Finished RTL Hierarchical Component Statistics
---------------------------------------------------------------------------------
---------------------------------------------------------------------------------
Start Part Resource Summary
---------------------------------------------------------------------------------
Part Resources:
DSPs: 80 (col length:40)
BRAMs: 120 (col length: RAMB18 40 RAMB36 20)
---------------------------------------------------------------------------------
Finished Part Resource Summary
---------------------------------------------------------------------------------
---------------------------------------------------------------------------------
Start Cross Boundary and Area Optimization
---------------------------------------------------------------------------------
Warning: Parallel synthesis criteria is not met 
INFO: [Synth 8-4471] merging register 'VGA/pixeles/blue_reg_reg[3:0]' into 'VGA/pixeles/green_reg_reg[3:0]' [C:/Users/Lenovo/Desktop/Sistemas Digitales/digisist/Vivado2018/Interfaz_UART-VGA/Interfaz_UART-VGA.srcs/sources_1/imports/Ejemplos_TP2/arcvga/02VGAVideoMem/gen_pixels.vhd:42]
INFO: [Synth 8-5544] ROM "UART/uart_rx_ctl_i0/bit_cnt_done" won't be mapped to Block RAM because address size (3) smaller than threshold (5)
INFO: [Synth 8-5546] ROM "VGA/vga_sync_unit/h_end" won't be mapped to RAM because it is too sparse
INFO: [Synth 8-5546] ROM "VGA/vga_sync_unit/v_end" won't be mapped to RAM because it is too sparse
INFO: [Synth 8-5545] ROM "VGA/addra_03" won't be mapped to RAM because address size (32) is larger than maximum supported(25)
INFO: [Synth 8-5546] ROM "UART/uart_baud_gen_rx_i0/baud_x16_en_reg" won't be mapped to RAM because it is too sparse
DSP Report: Generating DSP VGA/addra_00, operation Mode is: C+A*(B:0x320).
DSP Report: operator VGA/addra_00 is absorbed into DSP VGA/addra_00.
DSP Report: operator VGA/addra_03 is absorbed into DSP VGA/addra_00.
DSP Report: Generating DSP VGA/addra_00, operation Mode is: PCIN+A*(B:0x1900).
DSP Report: operator VGA/addra_00 is absorbed into DSP VGA/addra_00.
DSP Report: operator VGA/addra_02 is absorbed into DSP VGA/addra_00.
WARNING: [Synth 8-3331] design interfaz_UART_VGA has unconnected port sw[2]
WARNING: [Synth 8-3331] design interfaz_UART_VGA has unconnected port sw[1]
WARNING: [Synth 8-3331] design interfaz_UART_VGA has unconnected port sw[0]
INFO: [Synth 8-3886] merging instance 'VGA/pixeles/green_reg_reg[0]' (FDC) to 'VGA/pixeles/green_reg_reg[1]'
INFO: [Synth 8-3886] merging instance 'VGA/pixeles/green_reg_reg[1]' (FDC) to 'VGA/pixeles/green_reg_reg[2]'
INFO: [Synth 8-3886] merging instance 'VGA/pixeles/green_reg_reg[2]' (FDC) to 'VGA/pixeles/green_reg_reg[3]'
INFO: [Synth 8-3886] merging instance 'VGA/pixeles/red_reg_reg[0]' (FDC) to 'VGA/pixeles/red_reg_reg[3]'
INFO: [Synth 8-3886] merging instance 'VGA/pixeles/red_reg_reg[1]' (FDC) to 'VGA/pixeles/red_reg_reg[3]'
INFO: [Synth 8-3886] merging instance 'VGA/pixeles/red_reg_reg[2]' (FDC) to 'VGA/pixeles/red_reg_reg[3]'
---------------------------------------------------------------------------------
Finished Cross Boundary and Area Optimization : Time (s): cpu = 00:00:17 ; elapsed = 00:00:20 . Memory (MB): peak = 796.898 ; gain = 499.672
---------------------------------------------------------------------------------
---------------------------------------------------------------------------------
Start ROM, RAM, DSP and Shift Register Reporting
---------------------------------------------------------------------------------

DSP: Preliminary Mapping  Report (see note below)
+------------+-------------------+--------+--------+--------+--------+--------+------+------+------+------+-------+------+------+
|Module Name | DSP Mapping       | A Size | B Size | C Size | D Size | P Size | AREG | BREG | CREG | DREG | ADREG | MREG | PREG | 
+------------+-------------------+--------+--------+--------+--------+--------+------+------+------+------+-------+------+------+
|vga_ctrl    | C+A*(B:0x320)     | 19     | 11     | 13     | -      | 19     | 0    | 0    | 0    | -    | -     | 0    | 0    | 
|vga_ctrl    | PCIN+A*(B:0x1900) | 19     | 14     | -      | -      | 19     | 0    | 0    | -    | -    | -     | 0    | 0    | 
+------------+-------------------+--------+--------+--------+--------+--------+------+------+------+------+-------+------+------+

Note: The table above is a preliminary report that shows the DSPs inferred at the current stage of the synthesis flow. Some DSP may be reimplemented as non DSP primitives later in the synthesis flow. Multiple instantiated DSPs are reported only once.
---------------------------------------------------------------------------------
Finished ROM, RAM, DSP and Shift Register Reporting
---------------------------------------------------------------------------------

Report RTL Partitions: 
+-+--------------+------------+----------+
| |RTL Partition |Replication |Instances |
+-+--------------+------------+----------+
+-+--------------+------------+----------+
---------------------------------------------------------------------------------
Start Applying XDC Timing Constraints
---------------------------------------------------------------------------------
INFO: [Synth 8-5578] Moved timing constraint from pin 'VGA/clock_unit/gen_clk_i/clk_wiz_0/clk_out1' to pin 'VGA/clock_unit/gen_clk_i/clk_wiz_0/bbstub_clk_out1/O'
INFO: [Synth 8-5819] Moved 1 constraints on hierarchical pins to their respective driving/loading pins
---------------------------------------------------------------------------------
Finished Applying XDC Timing Constraints : Time (s): cpu = 00:00:31 ; elapsed = 00:00:35 . Memory (MB): peak = 840.066 ; gain = 542.840
---------------------------------------------------------------------------------
---------------------------------------------------------------------------------
Start Timing Optimization
---------------------------------------------------------------------------------
---------------------------------------------------------------------------------
Finished Timing Optimization : Time (s): cpu = 00:00:32 ; elapsed = 00:00:35 . Memory (MB): peak = 851.680 ; gain = 554.453
---------------------------------------------------------------------------------

Report RTL Partitions: 
+-+--------------+------------+----------+
| |RTL Partition |Replication |Instances |
+-+--------------+------------+----------+
+-+--------------+------------+----------+
---------------------------------------------------------------------------------
Start Technology Mapping
---------------------------------------------------------------------------------
---------------------------------------------------------------------------------
Finished Technology Mapping : Time (s): cpu = 00:00:33 ; elapsed = 00:00:36 . Memory (MB): peak = 880.957 ; gain = 583.730
---------------------------------------------------------------------------------

Report RTL Partitions: 
+-+--------------+------------+----------+
| |RTL Partition |Replication |Instances |
+-+--------------+------------+----------+
+-+--------------+------------+----------+
---------------------------------------------------------------------------------
Start IO Insertion
---------------------------------------------------------------------------------
---------------------------------------------------------------------------------
Start Flattening Before IO Insertion
---------------------------------------------------------------------------------
---------------------------------------------------------------------------------
Finished Flattening Before IO Insertion
---------------------------------------------------------------------------------
---------------------------------------------------------------------------------
Start Final Netlist Cleanup
---------------------------------------------------------------------------------
---------------------------------------------------------------------------------
Finished Final Netlist Cleanup
---------------------------------------------------------------------------------
---------------------------------------------------------------------------------
Finished IO Insertion : Time (s): cpu = 00:00:34 ; elapsed = 00:00:37 . Memory (MB): peak = 880.957 ; gain = 583.730
---------------------------------------------------------------------------------

Report Check Netlist: 
+------+------------------+-------+---------+-------+------------------+
|      |Item              |Errors |Warnings |Status |Description       |
+------+------------------+-------+---------+-------+------------------+
|1     |multi_driven_nets |      0|        0|Passed |Multi driven nets |
+------+------------------+-------+---------+-------+------------------+
---------------------------------------------------------------------------------
Start Renaming Generated Instances
---------------------------------------------------------------------------------
---------------------------------------------------------------------------------
Finished Renaming Generated Instances : Time (s): cpu = 00:00:34 ; elapsed = 00:00:37 . Memory (MB): peak = 880.957 ; gain = 583.730
---------------------------------------------------------------------------------

Report RTL Partitions: 
+-+--------------+------------+----------+
| |RTL Partition |Replication |Instances |
+-+--------------+------------+----------+
+-+--------------+------------+----------+
---------------------------------------------------------------------------------
Start Rebuilding User Hierarchy
---------------------------------------------------------------------------------
---------------------------------------------------------------------------------
Finished Rebuilding User Hierarchy : Time (s): cpu = 00:00:34 ; elapsed = 00:00:38 . Memory (MB): peak = 880.957 ; gain = 583.730
---------------------------------------------------------------------------------
---------------------------------------------------------------------------------
Start Renaming Generated Ports
---------------------------------------------------------------------------------
---------------------------------------------------------------------------------
Finished Renaming Generated Ports : Time (s): cpu = 00:00:34 ; elapsed = 00:00:38 . Memory (MB): peak = 880.957 ; gain = 583.730
---------------------------------------------------------------------------------
---------------------------------------------------------------------------------
Start Handling Custom Attributes
---------------------------------------------------------------------------------
---------------------------------------------------------------------------------
Finished Handling Custom Attributes : Time (s): cpu = 00:00:34 ; elapsed = 00:00:38 . Memory (MB): peak = 880.957 ; gain = 583.730
---------------------------------------------------------------------------------
---------------------------------------------------------------------------------
Start Renaming Generated Nets
---------------------------------------------------------------------------------
---------------------------------------------------------------------------------
Finished Renaming Generated Nets : Time (s): cpu = 00:00:34 ; elapsed = 00:00:38 . Memory (MB): peak = 880.957 ; gain = 583.730
---------------------------------------------------------------------------------
---------------------------------------------------------------------------------
Start Writing Synthesis Report
---------------------------------------------------------------------------------

Report BlackBoxes: 
+------+--------------------------+----------+
|      |BlackBox name             |Instances |
+------+--------------------------+----------+
|1     |gen_clk_clk_wiz_0_0       |         1|
|2     |video_mem_blk_mem_gen_0_0 |         1|
+------+--------------------------+----------+

Report Cell Usage: 
+------+---------------------------------+------+
|      |Cell                             |Count |
+------+---------------------------------+------+
|1     |gen_clk_clk_wiz_0_0_bbox_0       |     1|
|2     |video_mem_blk_mem_gen_0_0_bbox_1 |     1|
|3     |BUFG                             |     2|
|4     |CARRY4                           |   194|
|5     |DSP48E1                          |     1|
|6     |DSP48E1_1                        |     1|
|7     |LUT1                             |    72|
|8     |LUT2                             |   184|
|9     |LUT3                             |   138|
|10    |LUT4                             |   130|
|11    |LUT5                             |   149|
|12    |LUT6                             |   363|
|13    |MUXF7                            |     1|
|14    |FDCE                             |   100|
|15    |FDRE                             |    51|
|16    |FDSE                             |     3|
|17    |IBUF                             |     2|
|18    |OBUF                             |    14|
+------+---------------------------------+------+

Report Instance Areas: 
+------+------------------------+------------------+------+
|      |Instance                |Module            |Cells |
+------+------------------------+------------------+------+
|1     |top                     |                  |  1408|
|2     |  UART                  |uart_rx           |    59|
|3     |    meta_harden_rxd_i0  |meta_harden_0     |     2|
|4     |    uart_baud_gen_rx_i0 |uart_baud_gen     |    19|
|5     |    uart_rx_ctl_i0      |uart_rx_ctl       |    38|
|6     |  VGA                   |vga_ctrl          |  1329|
|7     |    clock_unit          |gen_clk_wrapper   |     2|
|8     |      gen_clk_i         |gen_clk           |     2|
|9     |    memoria_video       |video_mem_wrapper |     6|
|10    |      video_mem_i       |video_mem         |     1|
|11    |    pixeles             |gen_pixels        |     2|
|12    |    vga_sync_unit       |vga_sync          |    66|
|13    |  meta_harden_rst_i0    |meta_harden       |     2|
+------+------------------------+------------------+------+
---------------------------------------------------------------------------------
Finished Writing Synthesis Report : Time (s): cpu = 00:00:34 ; elapsed = 00:00:38 . Memory (MB): peak = 880.957 ; gain = 583.730
---------------------------------------------------------------------------------
Synthesis finished with 0 errors, 0 critical warnings and 3 warnings.
Synthesis Optimization Runtime : Time (s): cpu = 00:00:25 ; elapsed = 00:00:31 . Memory (MB): peak = 880.957 ; gain = 241.391
Synthesis Optimization Complete : Time (s): cpu = 00:00:35 ; elapsed = 00:00:38 . Memory (MB): peak = 880.957 ; gain = 583.730
INFO: [Project 1-571] Translating synthesized netlist
INFO: [Netlist 29-17] Analyzing 197 Unisim elements for replacement
INFO: [Netlist 29-28] Unisim Transformation completed in 0 CPU seconds
WARNING: [Netlist 29-101] Netlist 'interfaz_UART_VGA' is not ideal for floorplanning, since the cellview 'vga_ctrl' contains a large number of primitives.  Please consider enabling hierarchy in synthesis if you want to do floorplanning.
INFO: [Project 1-570] Preparing netlist for logic optimization
INFO: [Opt 31-140] Inserted 1 IBUFs to IO ports without IO buffers.
INFO: [Opt 31-138] Pushed 0 inverter(s) to 0 load pin(s).
Netlist sorting complete. Time (s): cpu = 00:00:00 ; elapsed = 00:00:00.001 . Memory (MB): peak = 880.957 ; gain = 0.000
INFO: [Project 1-111] Unisim Transformation Summary:
No Unisim elements were transformed.

INFO: [Common 17-83] Releasing license: Synthesis
84 Infos, 40 Warnings, 0 Critical Warnings and 0 Errors encountered.
synth_design completed successfully
synth_design: Time (s): cpu = 00:00:37 ; elapsed = 00:00:41 . Memory (MB): peak = 880.957 ; gain = 592.445
Netlist sorting complete. Time (s): cpu = 00:00:00 ; elapsed = 00:00:00 . Memory (MB): peak = 880.957 ; gain = 0.000
WARNING: [Constraints 18-5210] No constraints selected for write.
Resolution: This message can indicate that there are no constraints for the design, or it can indicate that the used_in flags are set such that the constraints are ignored. This later case is used when running synth_design to not write synthesis constraints to the resulting checkpoint. Instead, project constraints are read when the synthesized design is opened.
INFO: [Common 17-1381] The checkpoint 'C:/Users/Lenovo/Desktop/Sistemas Digitales/digisist/Vivado2018/Interfaz_UART-VGA/Interfaz_UART-VGA.runs/synth_1/interfaz_UART_VGA.dcp' has been generated.
INFO: [runtcl-4] Executing : report_utilization -file interfaz_UART_VGA_utilization_synth.rpt -pb interfaz_UART_VGA_utilization_synth.pb
INFO: [Common 17-206] Exiting Vivado at Mon Jun  3 19:02:59 2019...
